<?xml version="1.0" encoding="UTF-8"?>
<!-- Generated by org.testng.reporters.JUnitReportReporter -->
<testsuite skipped="0" hostname="Avadhoot-PC" name="vTiger_PracticeTests.Loginpage" tests="11" failures="0" timestamp="09 Feb 2018 05:31:58 GMT" time="68.134" errors="0">
  <testcase name="verifylogintitle" time="0.042" classname="vTiger_PracticeTests.Loginpage"/>
  <testcase name="verifylogo" time="0.271" classname="vTiger_PracticeTests.Loginpage"/>
  <testcase name="invalidcredentials" time="1.521" classname="vTiger_PracticeTests.Loginpage"/>
  <testcase name="validcredentialslogin" time="3.411" classname="vTiger_PracticeTests.Loginpage"/>
  <testcase name="validcredentialslogin" time="3.441" classname="vTiger_PracticeTests.Loginpage"/>
  <testcase name="validcredentialslogin" time="6.959" classname="vTiger_PracticeTests.Loginpage"/>
  <testcase name="createcontact" time="9.040" classname="vTiger_PracticeTests.Loginpage"/>
  <testcase name="createlead" time="7.675" classname="vTiger_PracticeTests.Loginpage"/>
  <testcase name="newaccount" time="7.124" classname="vTiger_PracticeTests.Loginpage"/>
  <testcase name="newticket" time="19.229" classname="vTiger_PracticeTests.Loginpage"/>
  <testcase name="newfaq" time="9.421" classname="vTiger_PracticeTests.Loginpage"/>
</testsuite> <!-- vTiger_PracticeTests.Loginpage -->
